00:00:00.029221 VirtualBox DHCP Server 4.1.34 r3621803704 win.amd64 (Jul 26 2022 16:16:05) release log
00:00:00.029224 Log opened 2025-07-26T13:25:51.073153800Z
00:00:00.029224 Build Type: release
00:00:00.029229 OS Product: Windows 11
00:00:00.029230 OS Release: 10.0.26100
00:00:00.029230 OS Service Pack: 
00:00:00.054737 DMI Product Name: 82R7
00:00:00.069568 DMI Product Version: IdeaPad Flex 5 14IAU7
00:00:00.069578 Firmware type: UEFI
00:00:00.070004 Secure Boot: VERR_PRIVILEGE_NOT_HELD
00:00:00.070023 Host RAM: 13894MB (13.5GB) total, 7288MB (7.1GB) available
00:00:00.070027 Executable: C:\Program Files\ldplayer9box\VBoxNetDHCP.exe
00:00:00.070028 Process ID: 19548
00:00:00.070029 Package type: WINDOWS_64BITS_GENERIC (OSE)
00:00:00.070142 --config:  LdNatNetwork0
00:00:00.070152 --comment: LdNatNetwork0
00:00:00.072648 IP address:   172.16.1.3/24
00:00:00.072663 Address pool: 172.16.1.4 - 172.16.1.254
00:00:00.072716 MAC address is not specified: will use generated MAC 08:00:27:6c:25:2e
00:00:00.072726 Db::i_enterFixedAddressAssignment: 08:00:27:6c:25:2e: 172.16.1.3
00:00:00.072736 loading leases from C:\Users\user\.Ld9VirtualBox\LdNatNetwork0-Dhcpd.leases
00:00:00.091468 > LOAD: EXPIRED lease 172.16.1.4 to [01:00:db:54:06:cc:44] (00:db:54:06:cc:44), acked, valid from 2025-07-26T13:22:59Z for 600s until 2025-07-26T13:32:59Z
00:00:26.334597 DISCOVER xid 0xcb8b1311 chaddr 00:db:54:06:cc:44
00:00:26.334660  ciaddr 0.0.0.0
00:00:26.334671  client id: 01 00 db 54 06 cc 44
00:00:26.334679  params { 1 3 6 15 26 28 51 58 59 43 }
00:00:26.334730   57: 05 dc
00:00:26.334735   60: 'android-dhcp-9'
00:00:26.334952 > allocateAddress to client [01:00:db:54:06:cc:44] (00:db:54:06:cc:44)
00:00:26.334989 > ... found existing binding 172.16.1.4 to [01:00:db:54:06:cc:44] (00:db:54:06:cc:44), acked, valid from 2025-07-26T13:22:59Z for 600s until 2025-07-26T13:32:59Z
00:00:26.335004 Lease time 600 secs (default)
00:00:26.335017 >>> requested option 1 (SubnetMask)
00:00:26.335023 ... always supplied
00:00:26.335028 >>> requested option 3 (Routers)
00:00:26.335033 ... found in GlobalConfig (type global)
00:00:26.335038 >>> requested option 6 (DNSes)
00:00:26.335043 ... found in GlobalConfig (type global)
00:00:26.335049 >>> requested option 15 (DomainName)
00:00:26.335054 ... found in GlobalConfig (type global)
00:00:26.335059 >>> requested option 26 (InterfaceMTU)
00:00:26.335063 ... not found
00:00:26.335068 >>> requested option 28 (BroadcastAddress)
00:00:26.335072 ... not found
00:00:26.335077 >>> requested option 51 (LeaseTime)
00:00:26.335083 ... not found
00:00:26.335087 >>> requested option 58 (RenewalTime)
00:00:26.335092 ... not found
00:00:26.335096 >>> requested option 59 (RebindingTime)
00:00:26.335101 ... not found
00:00:26.335105 >>> requested option 43 (VendorSpecificInfo)
00:00:26.335109 ... not found
00:00:26.335123 encoding option 1 (SubnetMask)
00:00:26.335128 encoding option 3 (Routers)
00:00:26.335134 encoding option 6 (DNSes)
00:00:26.335139 encoding option 15 (DomainName)
00:00:26.335144 encoding option 51 (LeaseTime)
00:00:26.335152 OFFER xid 0xcb8b1311 chaddr 00:db:54:06:cc:44
00:00:26.335167  ciaddr 0.0.0.0 yiaddr 172.16.1.4
00:00:26.335182 encoded message: 548 bytes
00:00:26.335184 0000000002772ff0/0000: 02 01 06 00 11 13 8b cb-00 00 00 00 00 00 00 00 ................
00:00:26.335500 0000000002773000/0010: ac 10 01 04 00 00 00 00-00 00 00 00 00 db 54 06 ..............T.
00:00:26.335503 0000000002773010/0020: cc 44 00 00 00 00 00 00-00 00 00 00 00 00 00 00 .D..............
00:00:26.335505 0000000002773020/0030: 00 00 00 00 00 00 00 00-00 00 00 00 00 00 00 00 ................
00:00:26.335507 0000000002773030/0040: 00 00 00 00 00 00 00 00-00 00 00 00 00 00 00 00 ................
00:00:26.335509 0000000002773040/0050: 00 00 00 00 00 00 00 00-00 00 00 00 00 00 00 00 ................
00:00:26.335511 0000000002773050/0060: 00 00 00 00 00 00 00 00-00 00 00 00 00 00 00 00 ................
00:00:26.335513 0000000002773060/0070: 00 00 00 00 00 00 00 00-00 00 00 00 00 00 00 00 ................
00:00:26.335515 0000000002773070/0080: 00 00 00 00 00 00 00 00-00 00 00 00 00 00 00 00 ................
00:00:26.335516 0000000002773080/0090: 00 00 00 00 00 00 00 00-00 00 00 00 00 00 00 00 ................
00:00:26.335518 0000000002773090/00a0: 00 00 00 00 00 00 00 00-00 00 00 00 00 00 00 00 ................
00:00:26.335520 00000000027730a0/00b0: 00 00 00 00 00 00 00 00-00 00 00 00 00 00 00 00 ................
00:00:26.335522 00000000027730b0/00c0: 00 00 00 00 00 00 00 00-00 00 00 00 00 00 00 00 ................
00:00:26.335524 00000000027730c0/00d0: 00 00 00 00 00 00 00 00-00 00 00 00 00 00 00 00 ................
00:00:26.335526 00000000027730d0/00e0: 00 00 00 00 00 00 00 00-00 00 00 00 63 82 53 63 ............c.Sc
00:00:26.335527 00000000027730e0/00f0: 36 04 ac 10 01 03 35 01-02 01 04 ff ff ff 00 03 6.....5.........
00:00:26.335530 00000000027730f0/0100: 04 ac 10 01 01 06 04 c0-a8 01 01 0f 03 6c 61 6e .............lan
00:00:26.335532 0000000002773100/0110: 33 04 00 00 02 58 ff 00-00 00 00 00 00 00 00 00 3....X..........
00:00:26.335534 0000000002773110/0120: 00 00 00 00 00 00 00 00-00 00 00 00 00 00 00 00 ................
00:00:26.335536 0000000002773120/0130: 00 00 00 00 00 00 00 00-00 00 00 00 00 00 00 00 ................
00:00:26.335538 0000000002773130/0140: 00 00 00 00 00 00 00 00-00 00 00 00 00 00 00 00 ................
00:00:26.335540 0000000002773140/0150: 00 00 00 00 00 00 00 00-00 00 00 00 00 00 00 00 ................
00:00:26.335542 0000000002773150/0160: 00 00 00 00 00 00 00 00-00 00 00 00 00 00 00 00 ................
00:00:26.335544 0000000002773160/0170: 00 00 00 00 00 00 00 00-00 00 00 00 00 00 00 00 ................
00:00:26.335545 0000000002773170/0180: 00 00 00 00 00 00 00 00-00 00 00 00 00 00 00 00 ................
00:00:26.335547 0000000002773180/0190: 00 00 00 00 00 00 00 00-00 00 00 00 00 00 00 00 ................
00:00:26.335549 0000000002773190/01a0: 00 00 00 00 00 00 00 00-00 00 00 00 00 00 00 00 ................
00:00:26.335551 00000000027731a0/01b0: 00 00 00 00 00 00 00 00-00 00 00 00 00 00 00 00 ................
00:00:26.335553 00000000027731b0/01c0: 00 00 00 00 00 00 00 00-00 00 00 00 00 00 00 00 ................
00:00:26.335554 00000000027731c0/01d0: 00 00 00 00 00 00 00 00-00 00 00 00 00 00 00 00 ................
00:00:26.335556 00000000027731d0/01e0: 00 00 00 00 00 00 00 00-00 00 00 00 00 00 00 00 ................
00:00:26.335558 00000000027731e0/01f0: 00 00 00 00 00 00 00 00-00 00 00 00 00 00 00 00 ................
00:00:26.335560 00000000027731f0/0200: 00 00 00 00 00 00 00 00-00 00 00 00 00 00 00 00 ................
00:00:26.335561 0000000002773200/0210: 00 00 00 00 00 00 00 00-00 00 00 00 00 00 00 00 ................
00:00:26.335563 0000000002773210/0220: 00 00 00 00                                     ....
00:00:26.385862 REQUEST xid 0xcb8b1311 chaddr 00:db:54:06:cc:44
00:00:26.385938  ciaddr 0.0.0.0
00:00:26.385963  for server 172.16.1.3 client id: 01 00 db 54 06 cc 44
00:00:26.385976  requested address 172.16.1.4
00:00:26.385987  params { 1 3 6 15 26 28 51 58 59 43 }
00:00:26.386036   54: ac 10 01 03
00:00:26.386042   57: 05 dc
00:00:26.386047   60: 'android-dhcp-9'
00:00:26.386056 > allocateAddress 172.16.1.4 to client [01:00:db:54:06:cc:44] (00:db:54:06:cc:44)
00:00:26.386069 > ... found existing binding 172.16.1.4 to [01:00:db:54:06:cc:44] (00:db:54:06:cc:44), acked, valid from 2025-07-26T13:26:17Z for 600s until 2025-07-26T13:36:17Z
00:00:26.386081 Lease time 600 secs (default)
00:00:26.386089 writing leases to C:\Users\user\.Ld9VirtualBox\LdNatNetwork0-Dhcpd.leases
00:00:26.392201 >>> requested option 1 (SubnetMask)
00:00:26.392230 ... always supplied
00:00:26.392236 >>> requested option 3 (Routers)
00:00:26.392242 ... found in GlobalConfig (type global)
00:00:26.392248 >>> requested option 6 (DNSes)
00:00:26.392253 ... found in GlobalConfig (type global)
00:00:26.392258 >>> requested option 15 (DomainName)
00:00:26.392264 ... found in GlobalConfig (type global)
00:00:26.392269 >>> requested option 26 (InterfaceMTU)
00:00:26.392282 ... not found
00:00:26.392290 >>> requested option 28 (BroadcastAddress)
00:00:26.392295 ... not found
00:00:26.392300 >>> requested option 51 (LeaseTime)
00:00:26.392306 ... not found
00:00:26.392312 >>> requested option 58 (RenewalTime)
00:00:26.392317 ... not found
00:00:26.392322 >>> requested option 59 (RebindingTime)
00:00:26.392327 ... not found
00:00:26.392332 >>> requested option 43 (VendorSpecificInfo)
00:00:26.392337 ... not found
00:00:26.392352 encoding option 1 (SubnetMask)
00:00:26.392357 encoding option 3 (Routers)
00:00:26.392363 encoding option 6 (DNSes)
00:00:26.392367 encoding option 15 (DomainName)
00:00:26.392374 encoding option 51 (LeaseTime)
00:00:26.392382 ACK xid 0xcb8b1311 chaddr 00:db:54:06:cc:44
00:00:26.392400  ciaddr 0.0.0.0 yiaddr 172.16.1.4
00:00:26.392416 encoded message: 548 bytes
00:00:26.392418 0000000002772ff0/0000: 02 01 06 00 11 13 8b cb-00 00 00 00 00 00 00 00 ................
00:00:26.392422 0000000002773000/0010: ac 10 01 04 00 00 00 00-00 00 00 00 00 db 54 06 ..............T.
00:00:26.392424 0000000002773010/0020: cc 44 00 00 00 00 00 00-00 00 00 00 00 00 00 00 .D..............
00:00:26.392426 0000000002773020/0030: 00 00 00 00 00 00 00 00-00 00 00 00 00 00 00 00 ................
00:00:26.392429 0000000002773030/0040: 00 00 00 00 00 00 00 00-00 00 00 00 00 00 00 00 ................
00:00:26.392431 0000000002773040/0050: 00 00 00 00 00 00 00 00-00 00 00 00 00 00 00 00 ................
00:00:26.392433 0000000002773050/0060: 00 00 00 00 00 00 00 00-00 00 00 00 00 00 00 00 ................
00:00:26.392435 0000000002773060/0070: 00 00 00 00 00 00 00 00-00 00 00 00 00 00 00 00 ................
00:00:26.392437 0000000002773070/0080: 00 00 00 00 00 00 00 00-00 00 00 00 00 00 00 00 ................
00:00:26.392440 0000000002773080/0090: 00 00 00 00 00 00 00 00-00 00 00 00 00 00 00 00 ................
00:00:26.392442 0000000002773090/00a0: 00 00 00 00 00 00 00 00-00 00 00 00 00 00 00 00 ................
00:00:26.392444 00000000027730a0/00b0: 00 00 00 00 00 00 00 00-00 00 00 00 00 00 00 00 ................
00:00:26.392446 00000000027730b0/00c0: 00 00 00 00 00 00 00 00-00 00 00 00 00 00 00 00 ................
00:00:26.392449 00000000027730c0/00d0: 00 00 00 00 00 00 00 00-00 00 00 00 00 00 00 00 ................
00:00:26.392451 00000000027730d0/00e0: 00 00 00 00 00 00 00 00-00 00 00 00 63 82 53 63 ............c.Sc
00:00:26.392453 00000000027730e0/00f0: 36 04 ac 10 01 03 35 01-05 01 04 ff ff ff 00 03 6.....5.........
00:00:26.392455 00000000027730f0/0100: 04 ac 10 01 01 06 04 c0-a8 01 01 0f 03 6c 61 6e .............lan
00:00:26.392457 0000000002773100/0110: 33 04 00 00 02 58 ff 00-00 00 00 00 00 00 00 00 3....X..........
00:00:26.392459 0000000002773110/0120: 00 00 00 00 00 00 00 00-00 00 00 00 00 00 00 00 ................
00:00:26.392461 0000000002773120/0130: 00 00 00 00 00 00 00 00-00 00 00 00 00 00 00 00 ................
00:00:26.392463 0000000002773130/0140: 00 00 00 00 00 00 00 00-00 00 00 00 00 00 00 00 ................
00:00:26.392465 0000000002773140/0150: 00 00 00 00 00 00 00 00-00 00 00 00 00 00 00 00 ................
00:00:26.392467 0000000002773150/0160: 00 00 00 00 00 00 00 00-00 00 00 00 00 00 00 00 ................
00:00:26.392469 0000000002773160/0170: 00 00 00 00 00 00 00 00-00 00 00 00 00 00 00 00 ................
00:00:26.392471 0000000002773170/0180: 00 00 00 00 00 00 00 00-00 00 00 00 00 00 00 00 ................
00:00:26.392473 0000000002773180/0190: 00 00 00 00 00 00 00 00-00 00 00 00 00 00 00 00 ................
00:00:26.392475 0000000002773190/01a0: 00 00 00 00 00 00 00 00-00 00 00 00 00 00 00 00 ................
00:00:26.392477 00000000027731a0/01b0: 00 00 00 00 00 00 00 00-00 00 00 00 00 00 00 00 ................
00:00:26.392479 00000000027731b0/01c0: 00 00 00 00 00 00 00 00-00 00 00 00 00 00 00 00 ................
00:00:26.392481 00000000027731c0/01d0: 00 00 00 00 00 00 00 00-00 00 00 00 00 00 00 00 ................
00:00:26.392483 00000000027731d0/01e0: 00 00 00 00 00 00 00 00-00 00 00 00 00 00 00 00 ................
00:00:26.392485 00000000027731e0/01f0: 00 00 00 00 00 00 00 00-00 00 00 00 00 00 00 00 ................
00:00:26.392487 00000000027731f0/0200: 00 00 00 00 00 00 00 00-00 00 00 00 00 00 00 00 ................
00:00:26.392488 0000000002773200/0210: 00 00 00 00 00 00 00 00-00 00 00 00 00 00 00 00 ................
00:00:26.392490 0000000002773210/0220: 00 00 00 00                                     ....
